
*** Running vivado
    with args -log main.vds -m64 -product Vivado -mode batch -messageDb vivado.pb -notrace -source main.tcl



****** Vivado v2022.2 (64-bit)
  **** SW Build 3671981 on Fri Oct 14 05:00:03 MDT 2022
  **** IP Build 3669848 on Fri Oct 14 08:30:02 MDT 2022
    ** Copyright 1986-2022 Xilinx, Inc. All Rights Reserved.

source main.tcl -notrace
create_project: Time (s): cpu = 00:00:06 ; elapsed = 00:00:06 . Memory (MB): peak = 1002.793 ; gain = 117.773
Command: read_checkpoint -auto_incremental -incremental C:/Users/osw115/xilinx/vhdl_uart/vhdl_uart.srcs/utils_1/imports/synth_1/main.dcp
INFO: [Vivado 12-5825] Read reference checkpoint from C:/Users/osw115/xilinx/vhdl_uart/vhdl_uart.srcs/utils_1/imports/synth_1/main.dcp for incremental synthesis
INFO: [Vivado 12-7989] Please ensure there are no constraint changes
Command: synth_design -top main -part xc7a100tcsg324-1
Starting synth_design
Attempting to get a license for feature 'Synthesis' and/or device 'xc7a100t'
INFO: [Common 17-349] Got license for feature 'Synthesis' and/or device 'xc7a100t'
INFO: [Device 21-403] Loading part xc7a100tcsg324-1
INFO: [Designutils 20-5440] No compile time benefit to using incremental synthesis; A full resynthesis will be run
INFO: [Designutils 20-4379] Flow is switching to default flow due to incremental criteria not met. If you would like to alter this behaviour and have the flow terminate instead, please set the following parameter config_implementation {autoIncr.Synth.RejectBehavior Terminate}
INFO: [Synth 8-7079] Multithreading enabled for synth_design using a maximum of 2 processes.
INFO: [Synth 8-7078] Launching helper process for spawning children vivado processes
INFO: [Synth 8-7075] Helper process launched with PID 20208
INFO: [Synth 8-11241] undeclared symbol 'REGCCE', assumed default net type 'wire' [C:/Xilinx/Vivado/2022.2/data/verilog/src/unimacro/BRAM_SINGLE_MACRO.v:2170]
---------------------------------------------------------------------------------
Starting RTL Elaboration : Time (s): cpu = 00:00:08 ; elapsed = 00:00:09 . Memory (MB): peak = 1837.562 ; gain = 408.379
---------------------------------------------------------------------------------
INFO: [Synth 8-638] synthesizing module 'main' [C:/Users/osw115/xilinx/vhdl_uart/vhdl_uart.srcs/sources_1/new/main.vhd:45]
INFO: [Synth 8-256] done synthesizing module 'main' (0#1) [C:/Users/osw115/xilinx/vhdl_uart/vhdl_uart.srcs/sources_1/new/main.vhd:45]
WARNING: [Synth 8-3848] Net uart_txd_in in module/entity main does not have driver. [C:/Users/osw115/xilinx/vhdl_uart/vhdl_uart.srcs/sources_1/new/main.vhd:42]
WARNING: [Synth 8-3917] design main has port led[2] driven by constant 1
WARNING: [Synth 8-7129] Port uart_txd_in in module main is either unconnected or has no load
WARNING: [Synth 8-7129] Port btn[3] in module main is either unconnected or has no load
WARNING: [Synth 8-7129] Port btn[2] in module main is either unconnected or has no load
WARNING: [Synth 8-7129] Port btn[1] in module main is either unconnected or has no load
---------------------------------------------------------------------------------
Finished RTL Elaboration : Time (s): cpu = 00:00:11 ; elapsed = 00:00:12 . Memory (MB): peak = 1929.422 ; gain = 500.238
---------------------------------------------------------------------------------
---------------------------------------------------------------------------------
Start Handling Custom Attributes
---------------------------------------------------------------------------------
---------------------------------------------------------------------------------
Finished Handling Custom Attributes : Time (s): cpu = 00:00:12 ; elapsed = 00:00:12 . Memory (MB): peak = 1929.422 ; gain = 500.238
---------------------------------------------------------------------------------
---------------------------------------------------------------------------------
Finished RTL Optimization Phase 1 : Time (s): cpu = 00:00:12 ; elapsed = 00:00:12 . Memory (MB): peak = 1929.422 ; gain = 500.238
---------------------------------------------------------------------------------
Netlist sorting complete. Time (s): cpu = 00:00:00 ; elapsed = 00:00:00.018 . Memory (MB): peak = 1929.422 ; gain = 0.000
INFO: [Project 1-570] Preparing netlist for logic optimization

Processing XDC Constraints
Initializing timing engine
Parsing XDC File [C:/Users/osw115/xilinx/vhdl_uart/vhdl_uart.srcs/constrs_1/imports/digilent-xdc-master/Arty-A7-100-Master.xdc]
Finished Parsing XDC File [C:/Users/osw115/xilinx/vhdl_uart/vhdl_uart.srcs/constrs_1/imports/digilent-xdc-master/Arty-A7-100-Master.xdc]
INFO: [Project 1-236] Implementation specific constraints were found while reading constraint file [C:/Users/osw115/xilinx/vhdl_uart/vhdl_uart.srcs/constrs_1/imports/digilent-xdc-master/Arty-A7-100-Master.xdc]. These constraints will be ignored for synthesis but will be used in implementation. Impacted constraints are listed in the file [.Xil/main_propImpl.xdc].
Resolution: To avoid this warning, move constraints listed in [.Xil/main_propImpl.xdc] to another XDC file and exclude this new file from synthesis with the used_in_synthesis property (File Properties dialog in GUI) and re-run elaboration/synthesis.
Completed Processing XDC Constraints

Netlist sorting complete. Time (s): cpu = 00:00:00 ; elapsed = 00:00:00 . Memory (MB): peak = 2018.387 ; gain = 0.000
INFO: [Project 1-111] Unisim Transformation Summary:
No Unisim elements were transformed.

Constraint Validation Runtime : Time (s): cpu = 00:00:00 ; elapsed = 00:00:00.010 . Memory (MB): peak = 2018.387 ; gain = 0.000
INFO: [Designutils 20-5440] No compile time benefit to using incremental synthesis; A full resynthesis will be run
INFO: [Designutils 20-4379] Flow is switching to default flow due to incremental criteria not met. If you would like to alter this behaviour and have the flow terminate instead, please set the following parameter config_implementation {autoIncr.Synth.RejectBehavior Terminate}
INFO: [Synth 8-11241] undeclared symbol 'REGCCE', assumed default net type 'wire' [C:/Xilinx/Vivado/2022.2/data/verilog/src/unimacro/BRAM_SINGLE_MACRO.v:2170]
---------------------------------------------------------------------------------
Finished Constraint Validation : Time (s): cpu = 00:00:26 ; elapsed = 00:00:27 . Memory (MB): peak = 2018.387 ; gain = 589.203
---------------------------------------------------------------------------------
---------------------------------------------------------------------------------
Start Loading Part and Timing Information
---------------------------------------------------------------------------------
Loading part: xc7a100tcsg324-1
---------------------------------------------------------------------------------
Finished Loading Part and Timing Information : Time (s): cpu = 00:00:26 ; elapsed = 00:00:27 . Memory (MB): peak = 2018.387 ; gain = 589.203
---------------------------------------------------------------------------------
---------------------------------------------------------------------------------
Start Applying 'set_property' XDC Constraints
---------------------------------------------------------------------------------
---------------------------------------------------------------------------------
Finished applying 'set_property' XDC Constraints : Time (s): cpu = 00:00:26 ; elapsed = 00:00:27 . Memory (MB): peak = 2018.387 ; gain = 589.203
---------------------------------------------------------------------------------
INFO: [Synth 8-802] inferred FSM for state register 'i_lim_state_reg[2]' in module 'main'
INFO: [Synth 8-802] inferred FSM for state register 'i_lim_state_reg[1]' in module 'main'
INFO: [Synth 8-802] inferred FSM for state register 'i_lim_state_reg[0]' in module 'main'
---------------------------------------------------------------------------------------------------
                   State |                     New Encoding |                Previous Encoding 
---------------------------------------------------------------------------------------------------
                 iSTATE0 |                                0 | 00000000000000000000000000000000
                  iSTATE |                                1 | 00000000000000000000000000000001
*
---------------------------------------------------------------------------------------------------
INFO: [Synth 8-3354] encoded FSM with state register 'i_lim_state_reg[0]' using encoding 'sequential' in module 'main'
---------------------------------------------------------------------------------------------------
                   State |                     New Encoding |                Previous Encoding 
---------------------------------------------------------------------------------------------------
                 iSTATE0 |                                0 | 00000000000000000000000000000000
                  iSTATE |                                1 | 00000000000000000000000000000001
*
---------------------------------------------------------------------------------------------------
INFO: [Synth 8-3354] encoded FSM with state register 'i_lim_state_reg[1]' using encoding 'sequential' in module 'main'
---------------------------------------------------------------------------------------------------
                   State |                     New Encoding |                Previous Encoding 
---------------------------------------------------------------------------------------------------
                 iSTATE0 |                                0 | 00000000000000000000000000000000
                  iSTATE |                                1 | 00000000000000000000000000000001
*
---------------------------------------------------------------------------------------------------
INFO: [Synth 8-3354] encoded FSM with state register 'i_lim_state_reg[2]' using encoding 'sequential' in module 'main'
---------------------------------------------------------------------------------
Finished RTL Optimization Phase 2 : Time (s): cpu = 00:00:27 ; elapsed = 00:00:28 . Memory (MB): peak = 2018.387 ; gain = 589.203
---------------------------------------------------------------------------------
---------------------------------------------------------------------------------
Start RTL Component Statistics 
---------------------------------------------------------------------------------
Detailed RTL Component Info : 
+---Adders : 
	   2 Input   26 Bit       Adders := 1     
+---Registers : 
	               26 Bit    Registers := 1     
	                4 Bit    Registers := 2     
+---Muxes : 
	   3 Input   26 Bit        Muxes := 1     
	   2 Input    1 Bit        Muxes := 13    
---------------------------------------------------------------------------------
Finished RTL Component Statistics 
---------------------------------------------------------------------------------
---------------------------------------------------------------------------------
Start Part Resource Summary
---------------------------------------------------------------------------------
Part Resources:
DSPs: 240 (col length:80)
BRAMs: 270 (col length: RAMB18 80 RAMB36 40)
---------------------------------------------------------------------------------
Finished Part Resource Summary
---------------------------------------------------------------------------------
---------------------------------------------------------------------------------
Start Cross Boundary and Area Optimization
---------------------------------------------------------------------------------
WARNING: [Synth 8-7080] Parallel synthesis criteria is not met
WARNING: [Synth 8-3917] design main has port led[2] driven by constant 1
WARNING: [Synth 8-7129] Port uart_txd_in in module main is either unconnected or has no load
WARNING: [Synth 8-7129] Port btn[3] in module main is either unconnected or has no load
WARNING: [Synth 8-7129] Port btn[2] in module main is either unconnected or has no load
WARNING: [Synth 8-7129] Port btn[1] in module main is either unconnected or has no load
---------------------------------------------------------------------------------
Finished Cross Boundary and Area Optimization : Time (s): cpu = 00:00:30 ; elapsed = 00:00:32 . Memory (MB): peak = 2018.387 ; gain = 589.203
---------------------------------------------------------------------------------
---------------------------------------------------------------------------------
Start Applying XDC Timing Constraints
---------------------------------------------------------------------------------
---------------------------------------------------------------------------------
Finished Applying XDC Timing Constraints : Time (s): cpu = 00:00:40 ; elapsed = 00:00:41 . Memory (MB): peak = 2018.387 ; gain = 589.203
---------------------------------------------------------------------------------
---------------------------------------------------------------------------------
Start Timing Optimization
---------------------------------------------------------------------------------
---------------------------------------------------------------------------------
Finished Timing Optimization : Time (s): cpu = 00:00:40 ; elapsed = 00:00:41 . Memory (MB): peak = 2018.387 ; gain = 589.203
---------------------------------------------------------------------------------
---------------------------------------------------------------------------------
Start Technology Mapping
---------------------------------------------------------------------------------
---------------------------------------------------------------------------------
Finished Technology Mapping : Time (s): cpu = 00:00:40 ; elapsed = 00:00:42 . Memory (MB): peak = 2018.387 ; gain = 589.203
---------------------------------------------------------------------------------
---------------------------------------------------------------------------------
Start IO Insertion
---------------------------------------------------------------------------------
---------------------------------------------------------------------------------
Start Flattening Before IO Insertion
---------------------------------------------------------------------------------
---------------------------------------------------------------------------------
Finished Flattening Before IO Insertion
---------------------------------------------------------------------------------
---------------------------------------------------------------------------------
Start Final Netlist Cleanup
---------------------------------------------------------------------------------
---------------------------------------------------------------------------------
Finished Final Netlist Cleanup
---------------------------------------------------------------------------------
---------------------------------------------------------------------------------
Finished IO Insertion : Time (s): cpu = 00:00:49 ; elapsed = 00:00:51 . Memory (MB): peak = 2018.387 ; gain = 589.203
---------------------------------------------------------------------------------
---------------------------------------------------------------------------------
Start Renaming Generated Instances
---------------------------------------------------------------------------------
---------------------------------------------------------------------------------
Finished Renaming Generated Instances : Time (s): cpu = 00:00:49 ; elapsed = 00:00:51 . Memory (MB): peak = 2018.387 ; gain = 589.203
---------------------------------------------------------------------------------
---------------------------------------------------------------------------------
Start Rebuilding User Hierarchy
---------------------------------------------------------------------------------
---------------------------------------------------------------------------------
Finished Rebuilding User Hierarchy : Time (s): cpu = 00:00:49 ; elapsed = 00:00:51 . Memory (MB): peak = 2018.387 ; gain = 589.203
---------------------------------------------------------------------------------
---------------------------------------------------------------------------------
Start Renaming Generated Ports
---------------------------------------------------------------------------------
---------------------------------------------------------------------------------
Finished Renaming Generated Ports : Time (s): cpu = 00:00:49 ; elapsed = 00:00:51 . Memory (MB): peak = 2018.387 ; gain = 589.203
---------------------------------------------------------------------------------
---------------------------------------------------------------------------------
Start Handling Custom Attributes
---------------------------------------------------------------------------------
---------------------------------------------------------------------------------
Finished Handling Custom Attributes : Time (s): cpu = 00:00:49 ; elapsed = 00:00:51 . Memory (MB): peak = 2018.387 ; gain = 589.203
---------------------------------------------------------------------------------
---------------------------------------------------------------------------------
Start Renaming Generated Nets
---------------------------------------------------------------------------------
---------------------------------------------------------------------------------
Finished Renaming Generated Nets : Time (s): cpu = 00:00:49 ; elapsed = 00:00:51 . Memory (MB): peak = 2018.387 ; gain = 589.203
---------------------------------------------------------------------------------
---------------------------------------------------------------------------------
Start Writing Synthesis Report
---------------------------------------------------------------------------------

Report BlackBoxes: 
+-+--------------+----------+
| |BlackBox name |Instances |
+-+--------------+----------+
+-+--------------+----------+

Report Cell Usage: 
+------+-------+------+
|      |Cell   |Count |
+------+-------+------+
|1     |BUFG   |     1|
|2     |CARRY4 |    80|
|3     |LUT1   |     5|
|4     |LUT2   |   285|
|5     |LUT3   |     5|
|6     |LUT4   |    61|
|7     |LUT5   |     1|
|8     |LUT6   |     7|
|9     |FDRE   |   138|
|10    |FDSE   |    19|
|11    |IBUF   |     6|
|12    |OBUF   |     7|
|13    |OBUFT  |     1|
+------+-------+------+
---------------------------------------------------------------------------------
Finished Writing Synthesis Report : Time (s): cpu = 00:00:49 ; elapsed = 00:00:51 . Memory (MB): peak = 2018.387 ; gain = 589.203
---------------------------------------------------------------------------------
Synthesis finished with 0 errors, 0 critical warnings and 6 warnings.
Synthesis Optimization Runtime : Time (s): cpu = 00:00:34 ; elapsed = 00:00:47 . Memory (MB): peak = 2018.387 ; gain = 500.238
Synthesis Optimization Complete : Time (s): cpu = 00:00:50 ; elapsed = 00:00:51 . Memory (MB): peak = 2018.387 ; gain = 589.203
INFO: [Project 1-571] Translating synthesized netlist
Netlist sorting complete. Time (s): cpu = 00:00:00 ; elapsed = 00:00:00.013 . Memory (MB): peak = 2018.387 ; gain = 0.000
INFO: [Netlist 29-17] Analyzing 80 Unisim elements for replacement
INFO: [Netlist 29-28] Unisim Transformation completed in 0 CPU seconds
INFO: [Project 1-570] Preparing netlist for logic optimization
INFO: [Opt 31-138] Pushed 0 inverter(s) to 0 load pin(s).
Netlist sorting complete. Time (s): cpu = 00:00:00 ; elapsed = 00:00:00 . Memory (MB): peak = 2018.387 ; gain = 0.000
INFO: [Project 1-111] Unisim Transformation Summary:
No Unisim elements were transformed.

Synth Design complete, checksum: 2890191b
INFO: [Common 17-83] Releasing license: Synthesis
31 Infos, 12 Warnings, 0 Critical Warnings and 0 Errors encountered.
synth_design completed successfully
synth_design: Time (s): cpu = 00:00:58 ; elapsed = 00:01:01 . Memory (MB): peak = 2018.387 ; gain = 984.250
INFO: [Common 17-1381] The checkpoint 'C:/Users/osw115/xilinx/vhdl_uart/vhdl_uart.runs/synth_1/main.dcp' has been generated.
INFO: [runtcl-4] Executing : report_utilization -file main_utilization_synth.rpt -pb main_utilization_synth.pb
INFO: [Common 17-206] Exiting Vivado at Wed Mar 22 10:57:45 2023...
